2020-09-08 15:49:02,817 [main] ERROR org.eclipse.jgit.util.SystemReader - Creating XDG_CONFIG_HOME directory X:\.config failed
java.nio.file.FileSystemException: X:\.config: Unable to determine if root directory exists
	at java.base/java.nio.file.Files.createDirectories(Files.java:771) ~[na:na]
	at org.eclipse.jgit.util.SystemReader$Default.getXDGConfigHome(SystemReader.java:120) ~[na:na]
	at org.eclipse.jgit.util.SystemReader$Default.openJGitConfig(SystemReader.java:131) ~[na:na]
	at org.eclipse.jgit.util.SystemReader.getJGitConfig(SystemReader.java:348) ~[na:na]
	at org.eclipse.jgit.util.SystemReader.getSystemConfig(SystemReader.java:373) ~[na:na]
	at org.eclipse.jgit.util.SystemReader.getUserConfig(SystemReader.java:321) ~[na:na]
	at org.eclipse.egit.core.Activator$EclipseSystemReader.getUserConfig(Activator.java:1177) ~[na:na]
	at org.eclipse.jgit.util.Monitoring.registerMBean(Monitoring.java:54) ~[na:na]
	at org.eclipse.jgit.internal.storage.file.WindowCache.<init>(WindowCache.java:473) ~[na:na]
	at org.eclipse.jgit.internal.storage.file.WindowCache.reconfigure(WindowCache.java:362) ~[na:na]
	at org.eclipse.jgit.internal.storage.file.WindowCache.<clinit>(WindowCache.java:343) ~[na:na]
	at org.eclipse.jgit.storage.file.WindowCacheConfig.install(WindowCacheConfig.java:268) ~[na:na]
	at org.eclipse.egit.core.project.GitProjectData.reconfigureWindowCache(GitProjectData.java:428) ~[na:na]
	at org.eclipse.egit.core.Activator.start(Activator.java:260) ~[na:na]
	at org.eclipse.osgi.internal.framework.BundleContextImpl$3.run(BundleContextImpl.java:842) ~[org.eclipse.osgi_3.15.200.v20200214-1600.jar:na]
	at org.eclipse.osgi.internal.framework.BundleContextImpl$3.run(BundleContextImpl.java:1) ~[org.eclipse.osgi_3.15.200.v20200214-1600.jar:na]
	at java.base/java.security.AccessController.doPrivileged(Native Method) ~[na:na]
	at org.eclipse.osgi.internal.framework.BundleContextImpl.startActivator(BundleContextImpl.java:834) ~[org.eclipse.osgi_3.15.200.v20200214-1600.jar:na]
	at org.eclipse.osgi.internal.framework.BundleContextImpl.start(BundleContextImpl.java:791) ~[org.eclipse.osgi_3.15.200.v20200214-1600.jar:na]
	at org.eclipse.osgi.internal.framework.EquinoxBundle.startWorker0(EquinoxBundle.java:1015) ~[org.eclipse.osgi_3.15.200.v20200214-1600.jar:na]
	at org.eclipse.osgi.internal.framework.EquinoxBundle$EquinoxModule.startWorker(EquinoxBundle.java:365) ~[org.eclipse.osgi_3.15.200.v20200214-1600.jar:na]
	at org.eclipse.osgi.container.Module.doStart(Module.java:603) ~[org.eclipse.osgi_3.15.200.v20200214-1600.jar:na]
	at org.eclipse.osgi.container.Module.start(Module.java:467) ~[org.eclipse.osgi_3.15.200.v20200214-1600.jar:na]
	at org.eclipse.osgi.framework.util.SecureAction.start(SecureAction.java:493) ~[org.eclipse.osgi_3.15.200.v20200214-1600.jar:na]
	at org.eclipse.osgi.internal.hooks.EclipseLazyStarter.postFindLocalClass(EclipseLazyStarter.java:117) ~[na:na]
	at org.eclipse.osgi.internal.loader.classpath.ClasspathManager.findLocalClass(ClasspathManager.java:571) ~[org.eclipse.osgi_3.15.200.v20200214-1600.jar:na]
	at org.eclipse.osgi.internal.loader.ModuleClassLoader.findLocalClass(ModuleClassLoader.java:346) ~[org.eclipse.osgi_3.15.200.v20200214-1600.jar:na]
	at org.eclipse.osgi.internal.loader.BundleLoader.findLocalClass(BundleLoader.java:398) ~[org.eclipse.osgi_3.15.200.v20200214-1600.jar:na]
	at org.eclipse.osgi.internal.loader.sources.SingleSourcePackage.loadClass(SingleSourcePackage.java:41) ~[org.eclipse.osgi_3.15.200.v20200214-1600.jar:na]
	at org.eclipse.osgi.internal.loader.BundleLoader.findClass(BundleLoader.java:456) ~[org.eclipse.osgi_3.15.200.v20200214-1600.jar:na]
	at org.eclipse.osgi.internal.loader.ModuleClassLoader.loadClass(ModuleClassLoader.java:171) ~[org.eclipse.osgi_3.15.200.v20200214-1600.jar:na]
	at java.base/java.lang.ClassLoader.loadClass(ClassLoader.java:521) ~[na:na]
	at org.eclipse.egit.ui.Activator$RepositoryChangeScanner.<init>(Activator.java:632) ~[na:na]
	at org.eclipse.egit.ui.Activator.setupRepoChangeScanner(Activator.java:897) ~[na:na]
	at org.eclipse.egit.ui.Activator.start(Activator.java:348) ~[na:na]
	at org.eclipse.osgi.internal.framework.BundleContextImpl$3.run(BundleContextImpl.java:842) ~[org.eclipse.osgi_3.15.200.v20200214-1600.jar:na]
	at org.eclipse.osgi.internal.framework.BundleContextImpl$3.run(BundleContextImpl.java:1) ~[org.eclipse.osgi_3.15.200.v20200214-1600.jar:na]
	at java.base/java.security.AccessController.doPrivileged(Native Method) ~[na:na]
	at org.eclipse.osgi.internal.framework.BundleContextImpl.startActivator(BundleContextImpl.java:834) ~[org.eclipse.osgi_3.15.200.v20200214-1600.jar:na]
	at org.eclipse.osgi.internal.framework.BundleContextImpl.start(BundleContextImpl.java:791) ~[org.eclipse.osgi_3.15.200.v20200214-1600.jar:na]
	at org.eclipse.osgi.internal.framework.EquinoxBundle.startWorker0(EquinoxBundle.java:1015) ~[org.eclipse.osgi_3.15.200.v20200214-1600.jar:na]
	at org.eclipse.osgi.internal.framework.EquinoxBundle$EquinoxModule.startWorker(EquinoxBundle.java:365) ~[org.eclipse.osgi_3.15.200.v20200214-1600.jar:na]
	at org.eclipse.osgi.container.Module.doStart(Module.java:603) ~[org.eclipse.osgi_3.15.200.v20200214-1600.jar:na]
	at org.eclipse.osgi.container.Module.start(Module.java:467) ~[org.eclipse.osgi_3.15.200.v20200214-1600.jar:na]
	at org.eclipse.osgi.framework.util.SecureAction.start(SecureAction.java:493) ~[org.eclipse.osgi_3.15.200.v20200214-1600.jar:na]
	at org.eclipse.osgi.internal.hooks.EclipseLazyStarter.postFindLocalClass(EclipseLazyStarter.java:117) ~[na:na]
	at org.eclipse.osgi.internal.loader.classpath.ClasspathManager.findLocalClass(ClasspathManager.java:571) ~[org.eclipse.osgi_3.15.200.v20200214-1600.jar:na]
	at org.eclipse.osgi.internal.loader.ModuleClassLoader.findLocalClass(ModuleClassLoader.java:346) ~[org.eclipse.osgi_3.15.200.v20200214-1600.jar:na]
	at org.eclipse.osgi.internal.loader.BundleLoader.findLocalClass(BundleLoader.java:398) ~[org.eclipse.osgi_3.15.200.v20200214-1600.jar:na]
	at org.eclipse.osgi.internal.loader.BundleLoader.findClass(BundleLoader.java:477) ~[org.eclipse.osgi_3.15.200.v20200214-1600.jar:na]
	at org.eclipse.osgi.internal.loader.ModuleClassLoader.loadClass(ModuleClassLoader.java:171) ~[org.eclipse.osgi_3.15.200.v20200214-1600.jar:na]
	at java.base/java.lang.ClassLoader.loadClass(ClassLoader.java:521) ~[na:na]
	at org.eclipse.osgi.internal.framework.EquinoxBundle.loadClass(EquinoxBundle.java:620) ~[org.eclipse.osgi_3.15.200.v20200214-1600.jar:na]
	at org.eclipse.core.internal.registry.osgi.RegistryStrategyOSGI.createExecutableExtension(RegistryStrategyOSGI.java:196) ~[org.eclipse.equinox.registry_3.8.700.v20200121-1457.jar:na]
	at org.eclipse.core.internal.registry.ExtensionRegistry.createExecutableExtension(ExtensionRegistry.java:923) ~[org.eclipse.equinox.registry_3.8.700.v20200121-1457.jar:na]
	at org.eclipse.core.internal.registry.ConfigurationElement.createExecutableExtension(ConfigurationElement.java:246) ~[org.eclipse.equinox.registry_3.8.700.v20200121-1457.jar:na]
	at org.eclipse.core.internal.registry.ConfigurationElementHandle.createExecutableExtension(ConfigurationElementHandle.java:63) ~[org.eclipse.equinox.registry_3.8.700.v20200121-1457.jar:na]
	at org.eclipse.ui.internal.services.WorkbenchServiceRegistry.getSourceProviders(WorkbenchServiceRegistry.java:170) ~[na:na]
	at org.eclipse.ui.internal.services.SourceProviderService.readRegistry(SourceProviderService.java:104) ~[na:na]
	at org.eclipse.ui.internal.Workbench$34.runWithException(Workbench.java:2340) ~[na:na]
	at org.eclipse.ui.internal.StartupThreading$StartupRunnable.run(StartupThreading.java:36) ~[na:na]
	at org.eclipse.swt.widgets.Synchronizer.syncExec(Synchronizer.java:236) ~[org.eclipse.swt.win32.win32.x86_64_3.114.0.v20200304-0601.jar:na]
	at org.eclipse.ui.internal.UISynchronizer.syncExec(UISynchronizer.java:133) ~[na:na]
	at org.eclipse.swt.widgets.Display.syncExec(Display.java:4561) ~[org.eclipse.swt.win32.win32.x86_64_3.114.0.v20200304-0601.jar:na]
	at org.eclipse.ui.internal.StartupThreading.runWithoutExceptions(StartupThreading.java:94) ~[na:na]
	at org.eclipse.ui.internal.Workbench.initializeDefaultServices(Workbench.java:2335) ~[na:na]
	at org.eclipse.ui.internal.Workbench.init(Workbench.java:1640) ~[na:na]
	at org.eclipse.ui.internal.Workbench.runUI(Workbench.java:2811) ~[na:na]
	at org.eclipse.ui.internal.Workbench.lambda$3(Workbench.java:646) ~[na:na]
	at org.eclipse.core.databinding.observable.Realm.runWithDefault(Realm.java:338) ~[na:na]
	at org.eclipse.ui.internal.Workbench.createAndRunWorkbench(Workbench.java:557) ~[na:na]
	at org.eclipse.ui.PlatformUI.createAndRunWorkbench(PlatformUI.java:154) ~[na:na]
	at org.eclipse.ui.internal.ide.application.IDEApplication.start(IDEApplication.java:150) ~[na:na]
	at org.eclipse.equinox.internal.app.EclipseAppHandle.run(EclipseAppHandle.java:203) ~[org.eclipse.equinox.app_1.4.400.v20191212-0743.jar:na]
	at org.eclipse.core.runtime.internal.adaptor.EclipseAppLauncher.runApplication(EclipseAppLauncher.java:137) ~[org.eclipse.osgi_3.15.200.v20200214-1600.jar:na]
	at org.eclipse.core.runtime.internal.adaptor.EclipseAppLauncher.start(EclipseAppLauncher.java:107) ~[org.eclipse.osgi_3.15.200.v20200214-1600.jar:na]
	at org.eclipse.core.runtime.adaptor.EclipseStarter.run(EclipseStarter.java:401) ~[org.eclipse.osgi_3.15.200.v20200214-1600.jar:na]
	at org.eclipse.core.runtime.adaptor.EclipseStarter.run(EclipseStarter.java:255) ~[org.eclipse.osgi_3.15.200.v20200214-1600.jar:na]
	at java.base/jdk.internal.reflect.NativeMethodAccessorImpl.invoke0(Native Method) ~[na:na]
	at java.base/jdk.internal.reflect.NativeMethodAccessorImpl.invoke(NativeMethodAccessorImpl.java:62) ~[na:na]
	at java.base/jdk.internal.reflect.DelegatingMethodAccessorImpl.invoke(DelegatingMethodAccessorImpl.java:43) ~[na:na]
	at java.base/java.lang.reflect.Method.invoke(Method.java:566) ~[na:na]
	at org.eclipse.equinox.launcher.Main.invokeFramework(Main.java:657) ~[org.eclipse.equinox.launcher_1.5.700.v20200207-2156.jar:na]
	at org.eclipse.equinox.launcher.Main.basicRun(Main.java:594) ~[org.eclipse.equinox.launcher_1.5.700.v20200207-2156.jar:na]
	at org.eclipse.equinox.launcher.Main.run(Main.java:1447) ~[org.eclipse.equinox.launcher_1.5.700.v20200207-2156.jar:na]
	at org.eclipse.equinox.launcher.Main.main(Main.java:1420) ~[org.eclipse.equinox.launcher_1.5.700.v20200207-2156.jar:na]
2020-09-08 15:49:10,213 [Worker-2: Loading available Gradle versions] INFO  o.e.b.c.i.u.g.PublishedGradleVersions - Gradle version information cache is out-of-date. Trying to update.
